# JRE version: Java(TM) SE Runtime Environment (8.0_40-b26) (build 1.8.0_40-b26)
# Java VM: Java HotSpot(TM) Client VM (25.40-b25 mixed mode windows-x86 )
Heap:
 def new generation   total 20608K, used 4131K [0x04c00000, 0x06250000, 0x0a150000)
  eden space 18368K,  13% used [0x04c00000, 0x04e662f8, 0x05df0000)
  from space 2240K,  74% used [0x05df0000, 0x05f92a80, 0x06020000)
  to   space 2240K,   0% used [0x06020000, 0x06020000, 0x06250000)
 tenured generation   total 45556K, used 35776K [0x0a150000, 0x0cdcd000, 0x14c00000)
   the space 45556K,  78% used [0x0a150000, 0x0c440260, 0x0c440400, 0x0cdcd000)
 Metaspace       used 17920K, capacity 18332K, committed 18560K, reserved 18816K
GC Heap History (10 events):
Event: 3168.563 GC heap before
{Heap before GC invocations=69 (full 7):
 def new generation   total 20608K, used 19892K [0x04c00000, 0x06250000, 0x0a150000)
  eden space 18368K, 100% used [0x04c00000, 0x05df0000, 0x05df0000)
  from space 2240K,  68% used [0x06020000, 0x0619d238, 0x06250000)
  to   space 2240K,   0% used [0x05df0000, 0x05df0000, 0x06020000)
 tenured generation   total 45556K, used 27333K [0x0a150000, 0x0cdcd000, 0x14c00000)
   the space 45556K,  59% used [0x0a150000, 0x0bc015e0, 0x0bc01600, 0x0cdcd000)
 Metaspace       used 17868K, capacity 18260K, committed 18560K, reserved 18816K
Event: 3168.565 GC heap after
Heap after GC invocations=70 (full 7):
 def new generation   total 20608K, used 23K [0x04c00000, 0x06250000, 0x0a150000)
  eden space 18368K,   0% used [0x04c00000, 0x04c00000, 0x05df0000)
  from space 2240K,   1% used [0x05df0000, 0x05df5c60, 0x06020000)
  to   space 2240K,   0% used [0x06020000, 0x06020000, 0x06250000)
 tenured generation   total 45556K, used 28531K [0x0a150000, 0x0cdcd000, 0x14c00000)
   the space 45556K,  62% used [0x0a150000, 0x0bd2cca0, 0x0bd2ce00, 0x0cdcd000)
 Metaspace       used 17868K, capacity 18260K, committed 18560K, reserved 18816K
}
Event: 3180.055 GC heap before
{Heap before GC invocations=70 (full 7):
 def new generation   total 20608K, used 18391K [0x04c00000, 0x06250000, 0x0a150000)
  eden space 18368K, 100% used [0x04c00000, 0x05df0000, 0x05df0000)
  from space 2240K,   1% used [0x05df0000, 0x05df5c60, 0x06020000)
  to   space 2240K,   0% used [0x06020000, 0x06020000, 0x06250000)
 tenured generation   total 45556K, used 28531K [0x0a150000, 0x0cdcd000, 0x14c00000)
   the space 45556K,  62% used [0x0a150000, 0x0bd2cca0, 0x0bd2ce00, 0x0cdcd000)
 Metaspace       used 17889K, capacity 18300K, committed 18560K, reserved 18816K
Event: 3180.059 GC heap after
Heap after GC invocations=71 (full 7):
 def new generation   total 20608K, used 2240K [0x04c00000, 0x06250000, 0x0a150000)
  eden space 18368K,   0% used [0x04c00000, 0x04c00000, 0x05df0000)
  from space 2240K, 100% used [0x06020000, 0x06250000, 0x06250000)
  to   space 2240K,   0% used [0x05df0000, 0x05df0000, 0x06020000)
 tenured generation   total 45556K, used 28914K [0x0a150000, 0x0cdcd000, 0x14c00000)
   the space 45556K,  63% used [0x0a150000, 0x0bd8c968, 0x0bd8ca00, 0x0cdcd000)
 Metaspace       used 17889K, capacity 18300K, committed 18560K, reserved 18816K
}
Event: 3395.699 GC heap before
{Heap before GC invocations=71 (full 7):
 def new generation   total 20608K, used 20608K [0x04c00000, 0x06250000, 0x0a150000)
  eden space 18368K, 100% used [0x04c00000, 0x05df0000, 0x05df0000)
  from space 2240K, 100% used [0x06020000, 0x06250000, 0x06250000)
  to   space 2240K,   0% used [0x05df0000, 0x05df0000, 0x06020000)
 tenured generation   total 45556K, used 28914K [0x0a150000, 0x0cdcd000, 0x14c00000)
   the space 45556K,  63% used [0x0a150000, 0x0bd8c968, 0x0bd8ca00, 0x0cdcd000)
 Metaspace       used 17920K, capacity 18332K, committed 18560K, reserved 18816K
Event: 3395.703 GC heap after
Heap after GC invocations=72 (full 7):
 def new generation   total 20608K, used 2145K [0x04c00000, 0x06250000, 0x0a150000)
  eden space 18368K,   0% used [0x04c00000, 0x04c00000, 0x05df0000)
  from space 2240K,  95% used [0x05df0000, 0x06008510, 0x06020000)
  to   space 2240K,   0% used [0x06020000, 0x06020000, 0x06250000)
 tenured generation   total 45556K, used 34200K [0x0a150000, 0x0cdcd000, 0x14c00000)
   the space 45556K,  75% used [0x0a150000, 0x0c2b62e0, 0x0c2b6400, 0x0cdcd000)
 Metaspace       used 17920K, capacity 18332K, committed 18560K, reserved 18816K
}
Event: 3634.132 GC heap before
{Heap before GC invocations=72 (full 7):
 def new generation   total 20608K, used 20513K [0x04c00000, 0x06250000, 0x0a150000)
  eden space 18368K, 100% used [0x04c00000, 0x05df0000, 0x05df0000)
  from space 2240K,  95% used [0x05df0000, 0x06008510, 0x06020000)
  to   space 2240K,   0% used [0x06020000, 0x06020000, 0x06250000)
 tenured generation   total 45556K, used 34200K [0x0a150000, 0x0cdcd000, 0x14c00000)
   the space 45556K,  75% used [0x0a150000, 0x0c2b62e0, 0x0c2b6400, 0x0cdcd000)
 Metaspace       used 17920K, capacity 18332K, committed 18560K, reserved 18816K
Event: 3634.140 GC heap after
Heap after GC invocations=73 (full 7):
 def new generation   total 20608K, used 681K [0x04c00000, 0x06250000, 0x0a150000)
  eden space 18368K,   0% used [0x04c00000, 0x04c00000, 0x05df0000)
  from space 2240K,  30% used [0x06020000, 0x060ca698, 0x06250000)
  to   space 2240K,   0% used [0x05df0000, 0x05df0000, 0x06020000)
 tenured generation   total 45556K, used 35776K [0x0a150000, 0x0cdcd000, 0x14c00000)
   the space 45556K,  78% used [0x0a150000, 0x0c440260, 0x0c440400, 0x0cdcd000)
 Metaspace       used 17920K, capacity 18332K, committed 18560K, reserved 18816K
}
Event: 4167.922 GC heap before
{Heap before GC invocations=73 (full 7):
 def new generation   total 20608K, used 19049K [0x04c00000, 0x06250000, 0x0a150000)
  eden space 18368K, 100% used [0x04c00000, 0x05df0000, 0x05df0000)
  from space 2240K,  30% used [0x06020000, 0x060ca698, 0x06250000)
  to   space 2240K,   0% used [0x05df0000, 0x05df0000, 0x06020000)
 tenured generation   total 45556K, used 35776K [0x0a150000, 0x0cdcd000, 0x14c00000)
   the space 45556K,  78% used [0x0a150000, 0x0c440260, 0x0c440400, 0x0cdcd000)
 Metaspace       used 17920K, capacity 18332K, committed 18560K, reserved 18816K
Event: 4167.933 GC heap after
Heap after GC invocations=74 (full 7):
 def new generation   total 20608K, used 1674K [0x04c00000, 0x06250000, 0x0a150000)
  eden space 18368K,   0% used [0x04c00000, 0x04c00000, 0x05df0000)
  from space 2240K,  74% used [0x05df0000, 0x05f92a80, 0x06020000)
  to   space 2240K,   0% used [0x06020000, 0x06020000, 0x06250000)
 tenured generation   total 45556K, used 35776K [0x0a150000, 0x0cdcd000, 0x14c00000)
   the space 45556K,  78% used [0x0a150000, 0x0c440260, 0x0c440400, 0x0cdcd000)
 Metaspace       used 17920K, capacity 18332K, committed 18560K, reserved 18816K
}

